<?xml version="1.0" encoding="UTF-8"?>
<testng-results ignored="0" total="2" passed="0" failed="2" skipped="0">
  <reporter-output>
    <line>
      <![CDATA[Click to see Screenshot]]>
    </line>
    <line>
      <![CDATA[<a target="_blank" href=Thu_Mar_14_21_22_06_IST_2024.jpg>Screenshot</a>]]>
    </line>
    <line>
      <![CDATA[<br>]]>
    </line>
    <line>
      <![CDATA[<br>]]>
    </line>
    <line>
      <![CDATA[<a target="_blank" href=Thu_Mar_14_21_22_06_IST_2024.jpg><img src=Thu_Mar_14_21_22_06_IST_2024.jpg height=200 width=200></img></a>]]>
    </line>
    <line>
      <![CDATA[Click to see Screenshot]]>
    </line>
    <line>
      <![CDATA[<a target="_blank" href=Thu_Mar_14_21_22_35_IST_2024.jpg>Screenshot</a>]]>
    </line>
    <line>
      <![CDATA[<br>]]>
    </line>
    <line>
      <![CDATA[<br>]]>
    </line>
    <line>
      <![CDATA[<a target="_blank" href=Thu_Mar_14_21_22_35_IST_2024.jpg><img src=Thu_Mar_14_21_22_35_IST_2024.jpg height=200 width=200></img></a>]]>
    </line>
  </reporter-output>
  <suite started-at="2024-03-14T21:21:31 IST" name="Suite" finished-at="2024-03-14T21:22:36 IST" duration-ms="64725">
    <groups>
      <group name="regression">
        <method signature="TC0001_TextBox_Test.testBox_Data(java.util.Hashtable)[pri:0, instance:elements_Test.TC0001_TextBox_Test@72445aba]" name="testBox_Data" class="elements_Test.TC0001_TextBox_Test"/>
      </group> <!-- regression -->
      <group name="smoke">
        <method signature="TC0001_TextBox_Test.testBox_Data(java.util.Hashtable)[pri:0, instance:elements_Test.TC0001_TextBox_Test@72445aba]" name="testBox_Data" class="elements_Test.TC0001_TextBox_Test"/>
      </group> <!-- smoke -->
    </groups>
    <test started-at="2024-03-14T21:21:31 IST" name="TestBox" finished-at="2024-03-14T21:22:36 IST" duration-ms="64725">
      <class name="elements_Test.TC0001_TextBox_Test">
        <test-method is-config="true" signature="open(java.lang.String)[pri:0, instance:elements_Test.TC0001_TextBox_Test@72445aba]" started-at="2024-03-14T21:21:32 IST" name="open" finished-at="2024-03-14T21:21:49 IST" duration-ms="16991" status="PASS">
          <params>
            <param index="0">
              <value>
                <![CDATA[chrome]]>
              </value>
            </param>
          </params>
          <reporter-output>
          </reporter-output>
        </test-method> <!-- open -->
        <test-method signature="testBox_Data(java.util.Hashtable)[pri:0, instance:elements_Test.TC0001_TextBox_Test@72445aba]" started-at="2024-03-14T21:21:49 IST" name="testBox_Data" data-provider="DemoQAdata" finished-at="2024-03-14T21:22:05 IST" duration-ms="16674" status="FAIL">
          <params>
            <param index="0">
              <value>
                <![CDATA[{paddress=12345678, email=abc@gmail.com, caddress=ab:3737, fname=abc}]]>
              </value>
            </param>
          </params>
          <exception class="java.lang.AssertionError">
            <message>
              <![CDATA[expected [true] but found [false]]]>
            </message>
            <full-stacktrace>
              <![CDATA[java.lang.AssertionError: expected [true] but found [false]
at org.testng.Assert.fail(Assert.java:111)
at org.testng.Assert.failNotEquals(Assert.java:1578)
at org.testng.Assert.assertTrue(Assert.java:57)
at org.testng.Assert.assertTrue(Assert.java:67)
at pages.elements.TC0001_TextBox_Page.textbox_fill_The_Form_And_Print(TC0001_TextBox_Page.java:102)
at elements_Test.TC0001_TextBox_Test.testBox_Data(TC0001_TextBox_Test.java:29)
at java.base/jdk.internal.reflect.NativeMethodAccessorImpl.invoke0(Native Method)
at java.base/jdk.internal.reflect.NativeMethodAccessorImpl.invoke(NativeMethodAccessorImpl.java:77)
at java.base/jdk.internal.reflect.DelegatingMethodAccessorImpl.invoke(DelegatingMethodAccessorImpl.java:43)
at java.base/java.lang.reflect.Method.invoke(Method.java:568)
at org.testng.internal.invokers.MethodInvocationHelper.invokeMethod(MethodInvocationHelper.java:139)
at org.testng.internal.invokers.TestInvoker.invokeMethod(TestInvoker.java:664)
at org.testng.internal.invokers.TestInvoker.invokeTestMethod(TestInvoker.java:227)
at org.testng.internal.invokers.MethodRunner.runInSequence(MethodRunner.java:50)
at org.testng.internal.invokers.TestInvoker$MethodInvocationAgent.invoke(TestInvoker.java:957)
at org.testng.internal.invokers.TestInvoker.invokeTestMethods(TestInvoker.java:200)
at org.testng.internal.invokers.TestMethodWorker.invokeTestMethods(TestMethodWorker.java:148)
at org.testng.internal.invokers.TestMethodWorker.run(TestMethodWorker.java:128)
at java.base/java.util.ArrayList.forEach(ArrayList.java:1511)
at org.testng.TestRunner.privateRun(TestRunner.java:848)
at org.testng.TestRunner.run(TestRunner.java:621)
at org.testng.SuiteRunner.runTest(SuiteRunner.java:443)
at org.testng.SuiteRunner.runSequentially(SuiteRunner.java:437)
at org.testng.SuiteRunner.privateRun(SuiteRunner.java:397)
at org.testng.SuiteRunner.run(SuiteRunner.java:336)
at org.testng.SuiteRunnerWorker.runSuite(SuiteRunnerWorker.java:52)
at org.testng.SuiteRunnerWorker.run(SuiteRunnerWorker.java:95)
at org.testng.TestNG.runSuitesSequentially(TestNG.java:1280)
at org.testng.TestNG.runSuitesLocally(TestNG.java:1200)
at org.testng.TestNG.runSuites(TestNG.java:1114)
at org.testng.TestNG.run(TestNG.java:1082)
at org.testng.remote.AbstractRemoteTestNG.run(AbstractRemoteTestNG.java:115)
at org.testng.remote.RemoteTestNG.initAndRun(RemoteTestNG.java:251)
at org.testng.remote.RemoteTestNG.main(RemoteTestNG.java:77)
]]>
            </full-stacktrace>
          </exception> <!-- java.lang.AssertionError -->
          <reporter-output>
            <line>
              <![CDATA[Click to see Screenshot]]>
            </line>
            <line>
              <![CDATA[<a target="_blank" href=Thu_Mar_14_21_22_06_IST_2024.jpg>Screenshot</a>]]>
            </line>
            <line>
              <![CDATA[<br>]]>
            </line>
            <line>
              <![CDATA[<br>]]>
            </line>
            <line>
              <![CDATA[<a target="_blank" href=Thu_Mar_14_21_22_06_IST_2024.jpg><img src=Thu_Mar_14_21_22_06_IST_2024.jpg height=200 width=200></img></a>]]>
            </line>
          </reporter-output>
        </test-method> <!-- testBox_Data -->
        <test-method is-config="true" signature="tearDown()[pri:0, instance:elements_Test.TC0001_TextBox_Test@72445aba]" started-at="2024-03-14T21:22:06 IST" name="tearDown" finished-at="2024-03-14T21:22:07 IST" duration-ms="700" status="PASS">
          <reporter-output>
          </reporter-output>
        </test-method> <!-- tearDown -->
        <test-method is-config="true" signature="open(java.lang.String)[pri:0, instance:elements_Test.TC0001_TextBox_Test@72445aba]" started-at="2024-03-14T21:22:07 IST" name="open" finished-at="2024-03-14T21:22:17 IST" duration-ms="9692" status="PASS">
          <params>
            <param index="0">
              <value>
                <![CDATA[chrome]]>
              </value>
            </param>
          </params>
          <reporter-output>
          </reporter-output>
        </test-method> <!-- open -->
        <test-method signature="testBox_Data(java.util.Hashtable)[pri:0, instance:elements_Test.TC0001_TextBox_Test@72445aba]" started-at="2024-03-14T21:22:17 IST" name="testBox_Data" data-provider="DemoQAdata" finished-at="2024-03-14T21:22:35 IST" duration-ms="18192" status="FAIL">
          <params>
            <param index="0">
              <value>
                <![CDATA[{paddress=1234567899, email=def@gmail.com, caddress=dsd9@09, fname=def}]]>
              </value>
            </param>
          </params>
          <exception class="java.lang.AssertionError">
            <message>
              <![CDATA[expected [true] but found [false]]]>
            </message>
            <full-stacktrace>
              <![CDATA[java.lang.AssertionError: expected [true] but found [false]
at org.testng.Assert.fail(Assert.java:111)
at org.testng.Assert.failNotEquals(Assert.java:1578)
at org.testng.Assert.assertTrue(Assert.java:57)
at org.testng.Assert.assertTrue(Assert.java:67)
at pages.elements.TC0001_TextBox_Page.textbox_fill_The_Form_And_Print(TC0001_TextBox_Page.java:102)
at elements_Test.TC0001_TextBox_Test.testBox_Data(TC0001_TextBox_Test.java:29)
at java.base/jdk.internal.reflect.NativeMethodAccessorImpl.invoke0(Native Method)
at java.base/jdk.internal.reflect.NativeMethodAccessorImpl.invoke(NativeMethodAccessorImpl.java:77)
at java.base/jdk.internal.reflect.DelegatingMethodAccessorImpl.invoke(DelegatingMethodAccessorImpl.java:43)
at java.base/java.lang.reflect.Method.invoke(Method.java:568)
at org.testng.internal.invokers.MethodInvocationHelper.invokeMethod(MethodInvocationHelper.java:139)
at org.testng.internal.invokers.TestInvoker.invokeMethod(TestInvoker.java:664)
at org.testng.internal.invokers.TestInvoker.invokeTestMethod(TestInvoker.java:227)
at org.testng.internal.invokers.MethodRunner.runInSequence(MethodRunner.java:50)
at org.testng.internal.invokers.TestInvoker$MethodInvocationAgent.invoke(TestInvoker.java:957)
at org.testng.internal.invokers.TestInvoker.invokeTestMethods(TestInvoker.java:200)
at org.testng.internal.invokers.TestMethodWorker.invokeTestMethods(TestMethodWorker.java:148)
at org.testng.internal.invokers.TestMethodWorker.run(TestMethodWorker.java:128)
at java.base/java.util.ArrayList.forEach(ArrayList.java:1511)
at org.testng.TestRunner.privateRun(TestRunner.java:848)
at org.testng.TestRunner.run(TestRunner.java:621)
at org.testng.SuiteRunner.runTest(SuiteRunner.java:443)
at org.testng.SuiteRunner.runSequentially(SuiteRunner.java:437)
at org.testng.SuiteRunner.privateRun(SuiteRunner.java:397)
at org.testng.SuiteRunner.run(SuiteRunner.java:336)
at org.testng.SuiteRunnerWorker.runSuite(SuiteRunnerWorker.java:52)
at org.testng.SuiteRunnerWorker.run(SuiteRunnerWorker.java:95)
at org.testng.TestNG.runSuitesSequentially(TestNG.java:1280)
at org.testng.TestNG.runSuitesLocally(TestNG.java:1200)
at org.testng.TestNG.runSuites(TestNG.java:1114)
at org.testng.TestNG.run(TestNG.java:1082)
at org.testng.remote.AbstractRemoteTestNG.run(AbstractRemoteTestNG.java:115)
at org.testng.remote.RemoteTestNG.initAndRun(RemoteTestNG.java:251)
at org.testng.remote.RemoteTestNG.main(RemoteTestNG.java:77)
]]>
            </full-stacktrace>
          </exception> <!-- java.lang.AssertionError -->
          <reporter-output>
            <line>
              <![CDATA[Click to see Screenshot]]>
            </line>
            <line>
              <![CDATA[<a target="_blank" href=Thu_Mar_14_21_22_35_IST_2024.jpg>Screenshot</a>]]>
            </line>
            <line>
              <![CDATA[<br>]]>
            </line>
            <line>
              <![CDATA[<br>]]>
            </line>
            <line>
              <![CDATA[<a target="_blank" href=Thu_Mar_14_21_22_35_IST_2024.jpg><img src=Thu_Mar_14_21_22_35_IST_2024.jpg height=200 width=200></img></a>]]>
            </line>
          </reporter-output>
        </test-method> <!-- testBox_Data -->
        <test-method is-config="true" signature="tearDown()[pri:0, instance:elements_Test.TC0001_TextBox_Test@72445aba]" started-at="2024-03-14T21:22:35 IST" name="tearDown" finished-at="2024-03-14T21:22:36 IST" duration-ms="465" status="PASS">
          <reporter-output>
          </reporter-output>
        </test-method> <!-- tearDown -->
      </class> <!-- elements_Test.TC0001_TextBox_Test -->
    </test> <!-- TestBox -->
  </suite> <!-- Suite -->
</testng-results>
